1693065527044	geckodriver	INFO	Listening on 127.0.0.1:60443
1693065529991	mozrunner::runner	INFO	Running command: "C:\\Program Files\\Mozilla Firefox\\firefox.exe" "--marionette" "--headless" "--remote-debugging-port" "604 ... "--remote-allow-hosts" "localhost" "-no-remote" "-profile" "C:\\Users\\LENOVO~1\\AppData\\Local\\Temp\\rust_mozprofile5zUoma"
*** You are running in headless mode.
console.warn: services.settings: Ignoring preference override of remote settings server
console.warn: services.settings: Allow by setting MOZ_REMOTE_SETTINGS_DEVTOOLS=1 in the environment
1693065530654	Marionette	INFO	Marionette enabled
Dynamically enable window occlusion 0
1693065530852	Marionette	INFO	Listening on port 60452
Read port: 60452
WebDriver BiDi listening on ws://127.0.0.1:60444
1693065532392	RemoteAgent	WARN	TLS certificate errors will be ignored for this session
[GFX1-]: RenderCompositorSWGL failed mapping default framebuffer, no dt
console.error: ({})
DevTools listening on ws://127.0.0.1:60444/devtools/browser/a8a4f44f-a673-4ba3-86d3-5747b2950caf
1693065540061	Marionette	INFO	Stopped listening on port 60452
Dynamically enable window occlusion 1
1693065596290	geckodriver	INFO	Listening on 127.0.0.1:60500
1693065599313	mozrunner::runner	INFO	Running command: "C:\\Program Files\\Mozilla Firefox\\firefox.exe" "--marionette" "--headless" "--remote-debugging-port" "605 ... "--remote-allow-hosts" "localhost" "-no-remote" "-profile" "C:\\Users\\LENOVO~1\\AppData\\Local\\Temp\\rust_mozprofileouvTUy"
*** You are running in headless mode.
console.warn: services.settings: Ignoring preference override of remote settings server
console.warn: services.settings: Allow by setting MOZ_REMOTE_SETTINGS_DEVTOOLS=1 in the environment
1693065599627	Marionette	INFO	Marionette enabled
Dynamically enable window occlusion 0
1693065599695	Marionette	INFO	Listening on port 60510
WebDriver BiDi listening on ws://127.0.0.1:60501
Read port: 60510
1693065600865	RemoteAgent	WARN	TLS certificate errors will be ignored for this session
[GFX1-]: RenderCompositorSWGL failed mapping default framebuffer, no dt
console.error: ({})
DevTools listening on ws://127.0.0.1:60501/devtools/browser/42cdf59d-4346-4f65-8bdb-d31545b78a40
console.error: (new TypeError("this._searchProviderInfo is null", "resource:///modules/SearchSERPTelemetry.sys.mjs", 638))
console.error: (new TypeError("linkMap is undefined", "resource://gre/modules/NewTabUtils.sys.mjs", 2003))
console.error: (new TypeError("this._searchProviderInfo is null", "resource:///modules/SearchSERPTelemetry.sys.mjs", 638))
1693065608049	Marionette	INFO	Stopped listening on port 60510
Dynamically enable window occlusion 1
