2023-06-10 12:45:05,827 - __main__ - INFO - Server is starting...
2023-06-10 12:45:10,740 - __main__ - INFO - Server is starting...
2023-06-13 14:54:45,337 - __main__ - INFO - Server is starting...
2023-06-13 14:54:46,102 - __main__ - INFO - Server is starting...
2023-06-13 14:55:01,594 - manage - DEBUG - User: None got: 334 in quiz: wc
2023-06-13 14:55:11,047 - manage - DEBUG - User: None got: 190 in quiz: clubs
2023-06-13 14:56:14,716 - __main__ - INFO - Server is starting...
2023-06-13 14:56:15,466 - __main__ - INFO - Server is starting...
2023-06-13 14:56:45,351 - manage - DEBUG - User: None got: 0 in quiz: clubs
2023-06-13 14:57:09,998 - manage - DEBUG - User: None got: 297 in quiz: clubs
2023-06-13 15:04:28,414 - manage - DEBUG - User: None got: 0 in quiz: stadium
2023-06-13 15:05:32,694 - __main__ - INFO - Server is starting...
2023-06-13 15:05:33,528 - __main__ - INFO - Server is starting...
2023-06-13 15:05:45,367 - manage - DEBUG - User: None got: 99 in quiz: stadium
2023-06-13 15:06:24,983 - manage - DEBUG - User: None got: 199 in quiz: clubs
2023-06-13 15:06:31,381 - manage - DEBUG - User: None got: 0 in quiz: stadium
2023-06-13 15:15:24,798 - manage - DEBUG - User: None got: 368 in quiz: national
2023-06-13 15:40:32,429 - manage - DEBUG - User: None got: 171 in quiz: wc
2023-06-13 16:02:39,135 - __main__ - INFO - Server is starting...
2023-06-13 16:02:39,964 - __main__ - INFO - Server is starting...
2023-06-13 16:08:38,696 - __main__ - INFO - Server is starting...
2023-06-13 16:08:41,560 - __main__ - INFO - Server is starting...
